<?xml version="1.0" encoding="UTF-8" ?>
<testsuite failures="0" time="0.183" errors="0" skipped="0" tests="14" name="ohtu.ohtuvarasto.VarastoTest">
  <properties>
[...]
</properties>
  <testcase time="0.019" classname="ohtu.ohtuvarasto.VarastoTest" name="konstruktoriLuoTyhjanVaraston"/>
  <testcase time="0.001" classname="ohtu.ohtuvarasto.VarastoTest" name="uudellaVarastollaOikeaTilavuus"/>
  <testcase time="0.001" classname="ohtu.ohtuvarasto.VarastoTest" name="lisaysYliLisaaPienentaaVapaataTilaa"/>
  <testcase time="0.009" classname="ohtu.ohtuvarasto.VarastoTest" name="lisaysLisaaPienentaaVapaataTilaa"/>
  <testcase time="0" classname="ohtu.ohtuvarasto.VarastoTest" name="ottaminenPalauttaaOikeanMaaran"/>
  <testcase time="0" classname="ohtu.ohtuvarasto.VarastoTest" name="ottaminenAliPalauttaaOikeanMaaran"/>
  <testcase time="0.001" classname="ohtu.ohtuvarasto.VarastoTest" name="ottaminenLisääTilaa"/>
  <testcase time="0.001" classname="ohtu.ohtuvarasto.VarastoTest" name="YliottaminenLisääTilaa"/>
  <testcase time="0.001" classname="ohtu.ohtuvarasto.VarastoTest" name="lisaysLisaaSaldoa"/>
  <testcase time="0.001" classname="ohtu.ohtuvarasto.VarastoTest" name="AlleNollanOttaminen"/>
  <testcase time="0.001" classname="ohtu.ohtuvarasto.VarastoTest" name="AlleNollanOttaimnen"/>
  <testcase time="0" classname="ohtu.ohtuvarasto.VarastoTest" name="setUp2"/>
  <testcase time="0.001" classname="ohtu.ohtuvarasto.VarastoTest" name="setUp3"/>
  <testcase time="0.002" classname="ohtu.ohtuvarasto.VarastoTest" name="merkkijono"/>
</testsuite>